#
# There is insufficient memory for the Java Runtime Environment to continue.
# Native memory allocation (malloc) failed to allocate 131088 bytes for Chunk::new
# Possible reasons:
#   The system is out of physical RAM or swap space
#   The process is running with CompressedOops enabled, and the Java Heap may be blocking the growth of the native heap
# Possible solutions:
#   Reduce memory load on the system
#   Increase physical memory or swap space
#   Check if swap backing store is full
#   Decrease Java heap size (-Xmx/-Xms)
#   Decrease number of Java threads
#   Decrease Java thread stack sizes (-Xss)
#   Set larger code cache with -XX:ReservedCodeCacheSize=
#   JVM is running with Unscaled Compressed Oops mode in which the Java heap is
#     placed in the first 4GB address space. The Java Heap base address is the
#     maximum limit for the native heap growth. Please use -XX:HeapBaseMinAddress
#     to set the Java Heap base and to place the Java Heap above 4GB virtual address.
# This output file may be truncated or incomplete.
#
#  Out of Memory Error (arena.cpp:189), pid=17808, tid=14520
#
# JRE version: Java(TM) SE Runtime Environment (17.0.1+12) (build 17.0.1+12-LTS-39)
# Java VM: Java HotSpot(TM) 64-Bit Server VM (17.0.1+12-LTS-39, mixed mode, sharing, tiered, compressed oops, compressed class ptrs, g1 gc, windows-amd64)
# No core dump will be written. Minidumps are not enabled by default on client versions of Windows
#

---------------  S U M M A R Y ------------

Command Line: -XX:+ShowCodeDetailsInExceptionMessages quiz.com.quizservice.QuizServiceApplication

Host: Intel(R) Core(TM) i5-10300H CPU @ 2.50GHz, 8 cores, 7G,  Windows 10 , 64 bit Build 23619 (10.0.23619.1000)
Time: Mon May  6 09:43:28 2024 SE Asia Standard Time elapsed time: 1762.869975 seconds (0d 0h 29m 22s)

---------------  T H R E A D  ---------------

Current thread (0x00000256d4572370):  JavaThread "C2 CompilerThread0" daemon [_thread_in_native, id=14520, stack(0x000000c114500000,0x000000c114600000)]


Current CompileTask:
C2:1762870 14677       4       sun.security.util.AbstractAlgorithmConstraints::checkAlgorithm (87 bytes)

Stack: [0x000000c114500000,0x000000c114600000]
Native frames: (J=compiled Java code, j=interpreted, Vv=VM code, C=native code)
V  [jvm.dll+0x66fa1a]
V  [jvm.dll+0x7ce5a4]
V  [jvm.dll+0x7cfd4e]
V  [jvm.dll+0x7d03b3]
V  [jvm.dll+0x242b05]
V  [jvm.dll+0xaa05b]
V  [jvm.dll+0xaa5ec]
V  [jvm.dll+0xaa16b]
V  [jvm.dll+0x64e46c]
V  [jvm.dll+0x56878c]
V  [jvm.dll+0x567dc7]
V  [jvm.dll+0x5673ce]
V  [jvm.dll+0x567395]
V  [jvm.dll+0x5673e1]
V  [jvm.dll+0x5673e1]
V  [jvm.dll+0x5673e1]
V  [jvm.dll+0x5673e1]
V  [jvm.dll+0x5673e1]
V  [jvm.dll+0x5673e1]
V  [jvm.dll+0x5673e1]
V  [jvm.dll+0x5673e1]
V  [jvm.dll+0x5673e1]
V  [jvm.dll+0x5673e1]
V  [jvm.dll+0x5673e1]
V  [jvm.dll+0x5673e1]
V  [jvm.dll+0x5673e1]
V  [jvm.dll+0x5673e1]
V  [jvm.dll+0x5673e1]
V  [jvm.dll+0x5673e1]
V  [jvm.dll+0x5673e1]
V  [jvm.dll+0x5673e1]
V  [jvm.dll+0x5673e1]
V  [jvm.dll+0x5673e1]
V  [jvm.dll+0x5673e1]
V  [jvm.dll+0x5673e1]
V  [jvm.dll+0x5673e1]
V  [jvm.dll+0x5673e1]
V  [jvm.dll+0x5673e1]
V  [jvm.dll+0x5673e1]
V  [jvm.dll+0x5673e1]
V  [jvm.dll+0x5673e1]
V  [jvm.dll+0x5673e1]
V  [jvm.dll+0x5673e1]
V  [jvm.dll+0x578de8]
V  [jvm.dll+0x21dd7d]
V  [jvm.dll+0x2176d9]
V  [jvm.dll+0x214f05]
V  [jvm.dll+0x1a168d]
V  [jvm.dll+0x224848]
V  [jvm.dll+0x2229ac]
V  [jvm.dll+0x78435b]
V  [jvm.dll+0x77e91a]
V  [jvm.dll+0x66e845]
C  [ucrtbase.dll+0x29363]
C  [KERNEL32.DLL+0x1257d]
C  [ntdll.dll+0x5aa58]


---------------  P R O C E S S  ---------------

Threads class SMR info:
_java_thread_list=0x00000256d66fa560, length=50, elements={
0x00000256d4555ef0, 0x00000256d4556d60, 0x00000256d456c850, 0x00000256d456e320,
0x00000256d4570ce0, 0x00000256d4571690, 0x00000256d4572370, 0x00000256d4574e20,
0x00000256d4578740, 0x00000256d50bcab0, 0x00000256d50c6dc0, 0x00000256da8dbb00,
0x00000256d648c980, 0x00000256dafab140, 0x00000256d68927f0, 0x00000256d6328ee0,
0x00000256db1d6fe0, 0x00000256db1d8cc0, 0x00000256db1d8320, 0x00000256db1da9a0,
0x00000256db1d7980, 0x00000256db1d87f0, 0x00000256db1d7e50, 0x00000256db1d9190,
0x00000256db1d9660, 0x00000256dc768af0, 0x00000256dc76b640, 0x00000256dc767c80,
0x00000256dc76bfe0, 0x00000256dc76dcc0, 0x00000256dc769490, 0x00000256dc769960,
0x00000256dc768fc0, 0x00000256dc76aca0, 0x00000256dc766e10, 0x00000256dc768150,
0x00000256dc766940, 0x00000256dc76d320, 0x00000256dc768620, 0x00000256dc769e30,
0x00000256d6e215b0, 0x00000256d6e25de0, 0x00000256d6e25440, 0x00000256d6e22dc0,
0x00000256d6e210e0, 0x00000256d6e1fda0, 0x00000256d6e23760, 0x00000256d6e245d0,
0x00000256daff8850, 0x00000256d6e63630
}

Java Threads: ( => current thread )
  0x00000256d4555ef0 JavaThread "Reference Handler" daemon [_thread_blocked, id=15668, stack(0x000000c113f00000,0x000000c114000000)]
  0x00000256d4556d60 JavaThread "Finalizer" daemon [_thread_blocked, id=6652, stack(0x000000c114000000,0x000000c114100000)]
  0x00000256d456c850 JavaThread "Signal Dispatcher" daemon [_thread_blocked, id=12768, stack(0x000000c114100000,0x000000c114200000)]
  0x00000256d456e320 JavaThread "Attach Listener" daemon [_thread_blocked, id=524, stack(0x000000c114200000,0x000000c114300000)]
  0x00000256d4570ce0 JavaThread "Service Thread" daemon [_thread_blocked, id=20184, stack(0x000000c114300000,0x000000c114400000)]
  0x00000256d4571690 JavaThread "Monitor Deflation Thread" daemon [_thread_blocked, id=1800, stack(0x000000c114400000,0x000000c114500000)]
=>0x00000256d4572370 JavaThread "C2 CompilerThread0" daemon [_thread_in_native, id=14520, stack(0x000000c114500000,0x000000c114600000)]
  0x00000256d4574e20 JavaThread "C1 CompilerThread0" daemon [_thread_blocked, id=17600, stack(0x000000c114600000,0x000000c114700000)]
  0x00000256d4578740 JavaThread "Sweeper thread" daemon [_thread_blocked, id=21236, stack(0x000000c114700000,0x000000c114800000)]
  0x00000256d50bcab0 JavaThread "Notification Thread" daemon [_thread_blocked, id=4236, stack(0x000000c114800000,0x000000c114900000)]
  0x00000256d50c6dc0 JavaThread "Common-Cleaner" daemon [_thread_blocked, id=14044, stack(0x000000c114a00000,0x000000c114b00000)]
  0x00000256da8dbb00 JavaThread "Catalina-utility-1" [_thread_blocked, id=20712, stack(0x000000c115600000,0x000000c115700000)]
  0x00000256d648c980 JavaThread "Catalina-utility-2" [_thread_blocked, id=21988, stack(0x000000c115700000,0x000000c115800000)]
  0x00000256dafab140 JavaThread "container-0" [_thread_blocked, id=17052, stack(0x000000c115800000,0x000000c115900000)]
  0x00000256d68927f0 JavaThread "mysql-cj-abandoned-connection-cleanup" daemon [_thread_blocked, id=1060, stack(0x000000c115900000,0x000000c115a00000)]
  0x00000256d6328ee0 JavaThread "HikariPool-1 housekeeper" daemon [_thread_blocked, id=21440, stack(0x000000c115a00000,0x000000c115b00000)]
  0x00000256db1d6fe0 JavaThread "spring.cloud.inetutils" daemon [_thread_blocked, id=18832, stack(0x000000c115c00000,0x000000c115d00000)]
  0x00000256db1d8cc0 JavaThread "AsyncResolver-bootstrap-0" daemon [_thread_blocked, id=11588, stack(0x000000c115b00000,0x000000c115c00000)]
  0x00000256db1d8320 JavaThread "idle-connection-evictor-1" daemon [_thread_blocked, id=19716, stack(0x000000c115d00000,0x000000c115e00000)]
  0x00000256db1da9a0 JavaThread "DiscoveryClient-0" daemon [_thread_blocked, id=21904, stack(0x000000c115e00000,0x000000c115f00000)]
  0x00000256db1d7980 JavaThread "DiscoveryClient-1" daemon [_thread_blocked, id=13240, stack(0x000000c115f00000,0x000000c116000000)]
  0x00000256db1d87f0 JavaThread "DiscoveryClient-InstanceInfoReplicator-0" daemon [_thread_blocked, id=21940, stack(0x000000c116000000,0x000000c116100000)]
  0x00000256db1d7e50 JavaThread "http-nio-4001-exec-1" daemon [_thread_blocked, id=12172, stack(0x000000c116100000,0x000000c116200000)]
  0x00000256db1d9190 JavaThread "http-nio-4001-exec-2" daemon [_thread_blocked, id=14208, stack(0x000000c116200000,0x000000c116300000)]
  0x00000256db1d9660 JavaThread "http-nio-4001-exec-3" daemon [_thread_blocked, id=68, stack(0x000000c116300000,0x000000c116400000)]
  0x00000256dc768af0 JavaThread "http-nio-4001-exec-4" daemon [_thread_blocked, id=13084, stack(0x000000c116400000,0x000000c116500000)]
  0x00000256dc76b640 JavaThread "http-nio-4001-exec-5" daemon [_thread_blocked, id=4852, stack(0x000000c116500000,0x000000c116600000)]
  0x00000256dc767c80 JavaThread "http-nio-4001-exec-6" daemon [_thread_blocked, id=9536, stack(0x000000c116600000,0x000000c116700000)]
  0x00000256dc76bfe0 JavaThread "http-nio-4001-exec-7" daemon [_thread_blocked, id=10564, stack(0x000000c116700000,0x000000c116800000)]
  0x00000256dc76dcc0 JavaThread "http-nio-4001-exec-8" daemon [_thread_blocked, id=20368, stack(0x000000c116800000,0x000000c116900000)]
  0x00000256dc769490 JavaThread "http-nio-4001-exec-9" daemon [_thread_blocked, id=9948, stack(0x000000c116900000,0x000000c116a00000)]
  0x00000256dc769960 JavaThread "http-nio-4001-exec-10" daemon [_thread_blocked, id=10780, stack(0x000000c116a00000,0x000000c116b00000)]
  0x00000256dc768fc0 JavaThread "http-nio-4001-Poller" daemon [_thread_in_native, id=2404, stack(0x000000c116b00000,0x000000c116c00000)]
  0x00000256dc76aca0 JavaThread "http-nio-4001-Acceptor" daemon [_thread_in_native, id=20844, stack(0x000000c116c00000,0x000000c116d00000)]
  0x00000256dc766e10 JavaThread "axon-connector-17808@LAPTOP-207TQ0PP-0" [_thread_blocked, id=17064, stack(0x000000c117300000,0x000000c117400000)]
  0x00000256dc768150 JavaThread "axon-connector-17808@LAPTOP-207TQ0PP-1" [_thread_blocked, id=18448, stack(0x000000c117400000,0x000000c117500000)]
  0x00000256dc766940 JavaThread "EventProcessor[quiz.com.quizservice.command.event]-0" [_thread_blocked, id=14860, stack(0x000000c117500000,0x000000c117600000)]
  0x00000256dc76d320 JavaThread "DestroyJavaVM" [_thread_blocked, id=18104, stack(0x000000c113800000,0x000000c113900000)]
  0x00000256dc768620 JavaThread "DiscoveryClient-CacheRefreshExecutor-0" daemon [_thread_blocked, id=19272, stack(0x000000c115400000,0x000000c115500000)]
  0x00000256dc769e30 JavaThread "DiscoveryClient-HeartbeatExecutor-0" daemon [_thread_blocked, id=10668, stack(0x000000c116d00000,0x000000c116e00000)]
  0x00000256d6e215b0 JavaThread "AsyncResolver-bootstrap-executor-0" daemon [_thread_blocked, id=8652, stack(0x000000c115300000,0x000000c115400000)]
  0x00000256d6e25de0 JavaThread "grpc-nio-worker-ELG-514-1" daemon [_thread_in_native, id=5248, stack(0x000000c113500000,0x000000c113600000)]
  0x00000256d6e25440 JavaThread "grpc-nio-worker-ELG-514-2" daemon [_thread_in_native, id=7892, stack(0x000000c116e00000,0x000000c116f00000)]
  0x00000256d6e22dc0 JavaThread "grpc-nio-worker-ELG-514-3" daemon [_thread_in_native, id=15924, stack(0x000000c116f00000,0x000000c117000000)]
  0x00000256d6e210e0 JavaThread "grpc-nio-worker-ELG-514-4" daemon [_thread_in_native, id=14628, stack(0x000000c113700000,0x000000c113800000)]
  0x00000256d6e1fda0 JavaThread "grpc-default-executor-1" daemon [_thread_blocked, id=10528, stack(0x000000c117000000,0x000000c117100000)]
  0x00000256d6e23760 JavaThread "HikariPool-1 connection closer" daemon [_thread_blocked, id=23756, stack(0x000000c113600000,0x000000c113700000)]
  0x00000256d6e245d0 JavaThread "HikariPool-1 connection adder" daemon [_thread_blocked, id=23920, stack(0x000000c117100000,0x000000c117200000)]
  0x00000256daff8850 JavaThread "C2 CompilerThread1" daemon [_thread_in_native, id=24180, stack(0x000000c117200000,0x000000c117300000)]
  0x00000256d6e63630 JavaThread "C2 CompilerThread2" daemon [_thread_in_native, id=18688, stack(0x000000c117600000,0x000000c117700000)]

Other Threads:
  0x00000256d45512f0 VMThread "VM Thread" [stack: 0x000000c113e00000,0x000000c113f00000] [id=12888]
  0x00000256d50c2fb0 WatcherThread [stack: 0x000000c114900000,0x000000c114a00000] [id=22400]
  0x00000256b660c920 GCTaskThread "GC Thread#0" [stack: 0x000000c113900000,0x000000c113a00000] [id=17028]
  0x00000256d610d430 GCTaskThread "GC Thread#1" [stack: 0x000000c114c00000,0x000000c114d00000] [id=11248]
  0x00000256d580f5a0 GCTaskThread "GC Thread#2" [stack: 0x000000c114d00000,0x000000c114e00000] [id=4572]
  0x00000256d6516cc0 GCTaskThread "GC Thread#3" [stack: 0x000000c114b00000,0x000000c114c00000] [id=8708]
  0x00000256d5fff5b0 GCTaskThread "GC Thread#4" [stack: 0x000000c114e00000,0x000000c114f00000] [id=21968]
  0x00000256d53feca0 GCTaskThread "GC Thread#5" [stack: 0x000000c115000000,0x000000c115100000] [id=14232]
  0x00000256d5362080 GCTaskThread "GC Thread#6" [stack: 0x000000c115100000,0x000000c115200000] [id=19232]
  0x00000256d6c65dd0 GCTaskThread "GC Thread#7" [stack: 0x000000c115200000,0x000000c115300000] [id=20336]
  0x00000256b661d320 ConcurrentGCThread "G1 Main Marker" [stack: 0x000000c113a00000,0x000000c113b00000] [id=4476]
  0x00000256b661dd30 ConcurrentGCThread "G1 Conc#0" [stack: 0x000000c113b00000,0x000000c113c00000] [id=10816]
  0x00000256d764bf00 ConcurrentGCThread "G1 Conc#1" [stack: 0x000000c115500000,0x000000c115600000] [id=5880]
  0x00000256d44124b0 ConcurrentGCThread "G1 Refine#0" [stack: 0x000000c113c00000,0x000000c113d00000] [id=7128]
  0x00000256b667af30 ConcurrentGCThread "G1 Service" [stack: 0x000000c113d00000,0x000000c113e00000] [id=4620]

Threads with active compile tasks:
C2 CompilerThread0  1762927 14677       4       sun.security.util.AbstractAlgorithmConstraints::checkAlgorithm (87 bytes)
C2 CompilerThread1  1762927 14676       4       sun.security.util.DisabledAlgorithmConstraints::permits (56 bytes)
C2 CompilerThread2  1762927 14674       4       java.util.regex.Pattern::split (288 bytes)

VM state: not at safepoint (normal execution)

VM Mutex/Monitor currently owned by a thread: None

Heap address: 0x0000000082a00000, size: 2006 MB, Compressed Oops mode: 32-bit

CDS archive(s) mapped at: [0x0000000800000000-0x0000000800bc0000-0x0000000800bc0000), size 12320768, SharedBaseAddress: 0x0000000800000000, ArchiveRelocationMode: 0.
Compressed class space mapped at: 0x0000000800c00000-0x0000000840c00000, reserved size: 1073741824
Narrow klass base: 0x0000000800000000, Narrow klass shift: 0, Narrow klass range: 0x100000000

GC Precious Log:
 CPUs: 8 total, 8 available
 Memory: 8023M
 Large Page Support: Disabled
 NUMA Support: Disabled
 Compressed Oops: Enabled (32-bit)
 Heap Region Size: 1M
 Heap Min Capacity: 8M
 Heap Initial Capacity: 126M
 Heap Max Capacity: 2006M
 Pre-touch: Disabled
 Parallel Workers: 8
 Concurrent Workers: 2
 Concurrent Refinement Workers: 8
 Periodic GC: Disabled

Heap:
 garbage-first heap   total 82944K, used 59303K [0x0000000082a00000, 0x0000000100000000)
  region size 1024K, 14 young (14336K), 1 survivors (1024K)
 Metaspace       used 101548K, committed 102208K, reserved 1138688K
  class space    used 13459K, committed 13760K, reserved 1048576K

Heap Regions: E=young(eden), S=young(survivor), O=old, HS=humongous(starts), HC=humongous(continues), CS=collection set, F=free, OA=open archive, CA=closed archive, TAMS=top-at-mark-start (previous, next)
|   0|0x0000000082a00000, 0x0000000082b00000, 0x0000000082b00000|100%|HS|  |TAMS 0x0000000082b00000, 0x0000000082a00000| Complete 
|   1|0x0000000082b00000, 0x0000000082c00000, 0x0000000082c00000|100%|HS|  |TAMS 0x0000000082c00000, 0x0000000082b00000| Complete 
|   2|0x0000000082c00000, 0x0000000082d00000, 0x0000000082d00000|100%| O|  |TAMS 0x0000000082d00000, 0x0000000082c00000| Untracked 
|   3|0x0000000082d00000, 0x0000000082e00000, 0x0000000082e00000|100%| O|  |TAMS 0x0000000082e00000, 0x0000000082d00000| Untracked 
|   4|0x0000000082e00000, 0x0000000082f00000, 0x0000000082f00000|100%| O|  |TAMS 0x0000000082f00000, 0x0000000082e00000| Untracked 
|   5|0x0000000082f00000, 0x0000000083000000, 0x0000000083000000|100%| O|  |TAMS 0x0000000083000000, 0x0000000082f00000| Untracked 
|   6|0x0000000083000000, 0x0000000083100000, 0x0000000083100000|100%| O|  |TAMS 0x0000000083100000, 0x0000000083000000| Untracked 
|   7|0x0000000083100000, 0x0000000083200000, 0x0000000083200000|100%| O|  |TAMS 0x0000000083200000, 0x0000000083100000| Untracked 
|   8|0x0000000083200000, 0x0000000083300000, 0x0000000083300000|100%| O|  |TAMS 0x0000000083300000, 0x0000000083200000| Untracked 
|   9|0x0000000083300000, 0x0000000083400000, 0x0000000083400000|100%| O|  |TAMS 0x0000000083400000, 0x0000000083300000| Untracked 
|  10|0x0000000083400000, 0x0000000083500000, 0x0000000083500000|100%| O|  |TAMS 0x0000000083500000, 0x0000000083400000| Untracked 
|  11|0x0000000083500000, 0x0000000083600000, 0x0000000083600000|100%| O|  |TAMS 0x0000000083600000, 0x0000000083500000| Untracked 
|  12|0x0000000083600000, 0x0000000083700000, 0x0000000083700000|100%| O|  |TAMS 0x0000000083700000, 0x0000000083600000| Untracked 
|  13|0x0000000083700000, 0x0000000083800000, 0x0000000083800000|100%| O|  |TAMS 0x0000000083800000, 0x0000000083700000| Untracked 
|  14|0x0000000083800000, 0x0000000083900000, 0x0000000083900000|100%| O|  |TAMS 0x0000000083900000, 0x0000000083800000| Untracked 
|  15|0x0000000083900000, 0x0000000083a00000, 0x0000000083a00000|100%| O|  |TAMS 0x0000000083a00000, 0x0000000083900000| Untracked 
|  16|0x0000000083a00000, 0x0000000083b00000, 0x0000000083b00000|100%| O|  |TAMS 0x0000000083b00000, 0x0000000083a00000| Untracked 
|  17|0x0000000083b00000, 0x0000000083c00000, 0x0000000083c00000|100%| O|  |TAMS 0x0000000083c00000, 0x0000000083b00000| Untracked 
|  18|0x0000000083c00000, 0x0000000083d00000, 0x0000000083d00000|100%| O|  |TAMS 0x0000000083d00000, 0x0000000083c00000| Untracked 
|  19|0x0000000083d00000, 0x0000000083e00000, 0x0000000083e00000|100%| O|  |TAMS 0x0000000083e00000, 0x0000000083d00000| Untracked 
|  20|0x0000000083e00000, 0x0000000083f00000, 0x0000000083f00000|100%| O|  |TAMS 0x0000000083f00000, 0x0000000083e00000| Untracked 
|  21|0x0000000083f00000, 0x0000000083f00000, 0x0000000084000000|  0%| F|  |TAMS 0x0000000083f00000, 0x0000000083f00000| Untracked 
|  22|0x0000000084000000, 0x0000000084100000, 0x0000000084100000|100%| O|  |TAMS 0x0000000084100000, 0x0000000084000000| Untracked 
|  23|0x0000000084100000, 0x0000000084200000, 0x0000000084200000|100%| O|  |TAMS 0x0000000084200000, 0x0000000084100000| Untracked 
|  24|0x0000000084200000, 0x0000000084300000, 0x0000000084300000|100%| O|  |TAMS 0x0000000084300000, 0x0000000084200000| Untracked 
|  25|0x0000000084300000, 0x0000000084400000, 0x0000000084400000|100%| O|  |TAMS 0x0000000084400000, 0x0000000084300000| Untracked 
|  26|0x0000000084400000, 0x0000000084500000, 0x0000000084500000|100%| O|  |TAMS 0x0000000084500000, 0x0000000084400000| Untracked 
|  27|0x0000000084500000, 0x0000000084600000, 0x0000000084600000|100%| O|  |TAMS 0x0000000084600000, 0x0000000084500000| Untracked 
|  28|0x0000000084600000, 0x0000000084700000, 0x0000000084700000|100%| O|  |TAMS 0x0000000084700000, 0x0000000084600000| Untracked 
|  29|0x0000000084700000, 0x0000000084800000, 0x0000000084800000|100%| O|  |TAMS 0x0000000084800000, 0x0000000084700000| Untracked 
|  30|0x0000000084800000, 0x0000000084900000, 0x0000000084900000|100%| O|  |TAMS 0x0000000084900000, 0x0000000084800000| Untracked 
|  31|0x0000000084900000, 0x0000000084a00000, 0x0000000084a00000|100%| O|  |TAMS 0x0000000084a00000, 0x0000000084900000| Untracked 
|  32|0x0000000084a00000, 0x0000000084b00000, 0x0000000084b00000|100%| O|  |TAMS 0x0000000084b00000, 0x0000000084a00000| Untracked 
|  33|0x0000000084b00000, 0x0000000084c00000, 0x0000000084c00000|100%| O|  |TAMS 0x0000000084c00000, 0x0000000084b00000| Untracked 
|  34|0x0000000084c00000, 0x0000000084d00000, 0x0000000084d00000|100%| O|  |TAMS 0x0000000084d00000, 0x0000000084c00000| Untracked 
|  35|0x0000000084d00000, 0x0000000084e00000, 0x0000000084e00000|100%| O|  |TAMS 0x0000000084e00000, 0x0000000084d00000| Untracked 
|  36|0x0000000084e00000, 0x0000000084f00000, 0x0000000084f00000|100%| O|  |TAMS 0x0000000084f00000, 0x0000000084e00000| Untracked 
|  37|0x0000000084f00000, 0x0000000084f00000, 0x0000000085000000|  0%| F|  |TAMS 0x0000000084f00000, 0x0000000084f00000| Untracked 
|  38|0x0000000085000000, 0x0000000085100000, 0x0000000085100000|100%| O|  |TAMS 0x0000000085100000, 0x0000000085000000| Untracked 
|  39|0x0000000085100000, 0x0000000085200000, 0x0000000085200000|100%| O|  |TAMS 0x0000000085200000, 0x0000000085100000| Untracked 
|  40|0x0000000085200000, 0x0000000085300000, 0x0000000085300000|100%| O|  |TAMS 0x0000000085300000, 0x0000000085200000| Untracked 
|  41|0x0000000085300000, 0x0000000085400000, 0x0000000085400000|100%| O|  |TAMS 0x0000000085400000, 0x0000000085300000| Untracked 
|  42|0x0000000085400000, 0x00000000854efc00, 0x0000000085500000| 93%| O|  |TAMS 0x00000000854de600, 0x0000000085400000| Untracked 
|  43|0x0000000085500000, 0x0000000085600000, 0x0000000085600000|100%| O|  |TAMS 0x0000000085600000, 0x0000000085500000| Untracked 
|  44|0x0000000085600000, 0x0000000085700000, 0x0000000085700000|100%| O|  |TAMS 0x0000000085700000, 0x0000000085600000| Untracked 
|  45|0x0000000085700000, 0x0000000085800000, 0x0000000085800000|100%| O|  |TAMS 0x0000000085800000, 0x0000000085700000| Untracked 
|  46|0x0000000085800000, 0x0000000085900000, 0x0000000085900000|100%| O|  |TAMS 0x0000000085900000, 0x0000000085800000| Untracked 
|  47|0x0000000085900000, 0x0000000085900000, 0x0000000085a00000|  0%| F|  |TAMS 0x0000000085900000, 0x0000000085900000| Untracked 
|  48|0x0000000085a00000, 0x0000000085a00000, 0x0000000085b00000|  0%| F|  |TAMS 0x0000000085a00000, 0x0000000085a00000| Untracked 
|  49|0x0000000085b00000, 0x0000000085b00000, 0x0000000085c00000|  0%| F|  |TAMS 0x0000000085b00000, 0x0000000085b00000| Untracked 
|  50|0x0000000085c00000, 0x0000000085c00000, 0x0000000085d00000|  0%| F|  |TAMS 0x0000000085c00000, 0x0000000085c00000| Untracked 
|  51|0x0000000085d00000, 0x0000000085d00000, 0x0000000085e00000|  0%| F|  |TAMS 0x0000000085d00000, 0x0000000085d00000| Untracked 
|  52|0x0000000085e00000, 0x0000000085e00000, 0x0000000085f00000|  0%| F|  |TAMS 0x0000000085e00000, 0x0000000085e00000| Untracked 
|  53|0x0000000085f00000, 0x0000000085f00000, 0x0000000086000000|  0%| F|  |TAMS 0x0000000085f00000, 0x0000000085f00000| Untracked 
|  54|0x0000000086000000, 0x0000000086000000, 0x0000000086100000|  0%| F|  |TAMS 0x0000000086000000, 0x0000000086000000| Untracked 
|  55|0x0000000086100000, 0x0000000086100000, 0x0000000086200000|  0%| F|  |TAMS 0x0000000086100000, 0x0000000086100000| Untracked 
|  56|0x0000000086200000, 0x0000000086200000, 0x0000000086300000|  0%| F|  |TAMS 0x0000000086200000, 0x0000000086200000| Untracked 
|  57|0x0000000086300000, 0x00000000863fa3d0, 0x0000000086400000| 97%| S|CS|TAMS 0x0000000086300000, 0x0000000086300000| Complete 
|  58|0x0000000086400000, 0x0000000086400000, 0x0000000086500000|  0%| F|  |TAMS 0x0000000086400000, 0x0000000086400000| Untracked 
|  59|0x0000000086500000, 0x0000000086500000, 0x0000000086600000|  0%| F|  |TAMS 0x0000000086500000, 0x0000000086500000| Untracked 
|  60|0x0000000086600000, 0x0000000086600000, 0x0000000086700000|  0%| F|  |TAMS 0x0000000086600000, 0x0000000086600000| Untracked 
|  61|0x0000000086700000, 0x0000000086700000, 0x0000000086800000|  0%| F|  |TAMS 0x0000000086700000, 0x0000000086700000| Untracked 
|  62|0x0000000086800000, 0x0000000086800000, 0x0000000086900000|  0%| F|  |TAMS 0x0000000086800000, 0x0000000086800000| Untracked 
|  63|0x0000000086900000, 0x0000000086900000, 0x0000000086a00000|  0%| F|  |TAMS 0x0000000086900000, 0x0000000086900000| Untracked 
|  64|0x0000000086a00000, 0x0000000086a00000, 0x0000000086b00000|  0%| F|  |TAMS 0x0000000086a00000, 0x0000000086a00000| Untracked 
|  65|0x0000000086b00000, 0x0000000086b00000, 0x0000000086c00000|  0%| F|  |TAMS 0x0000000086b00000, 0x0000000086b00000| Untracked 
|  66|0x0000000086c00000, 0x0000000086c00000, 0x0000000086d00000|  0%| F|  |TAMS 0x0000000086c00000, 0x0000000086c00000| Untracked 
|  67|0x0000000086d00000, 0x0000000086d00000, 0x0000000086e00000|  0%| F|  |TAMS 0x0000000086d00000, 0x0000000086d00000| Untracked 
|  68|0x0000000086e00000, 0x0000000086e06a78, 0x0000000086f00000|  2%| E|  |TAMS 0x0000000086e00000, 0x0000000086e00000| Complete 
|  69|0x0000000086f00000, 0x0000000087000000, 0x0000000087000000|100%| E|CS|TAMS 0x0000000086f00000, 0x0000000086f00000| Complete 
|  70|0x0000000087000000, 0x0000000087100000, 0x0000000087100000|100%| E|CS|TAMS 0x0000000087000000, 0x0000000087000000| Complete 
|  71|0x0000000087100000, 0x0000000087200000, 0x0000000087200000|100%| E|CS|TAMS 0x0000000087100000, 0x0000000087100000| Complete 
|  72|0x0000000087200000, 0x0000000087300000, 0x0000000087300000|100%| E|CS|TAMS 0x0000000087200000, 0x0000000087200000| Complete 
|  73|0x0000000087300000, 0x0000000087400000, 0x0000000087400000|100%| E|CS|TAMS 0x0000000087300000, 0x0000000087300000| Complete 
|  74|0x0000000087400000, 0x0000000087500000, 0x0000000087500000|100%| E|CS|TAMS 0x0000000087400000, 0x0000000087400000| Complete 
|  75|0x0000000087500000, 0x0000000087600000, 0x0000000087600000|100%| E|CS|TAMS 0x0000000087500000, 0x0000000087500000| Complete 
|  76|0x0000000087600000, 0x0000000087700000, 0x0000000087700000|100%| E|CS|TAMS 0x0000000087600000, 0x0000000087600000| Complete 
| 108|0x0000000089600000, 0x0000000089700000, 0x0000000089700000|100%| E|CS|TAMS 0x0000000089600000, 0x0000000089600000| Complete 
| 109|0x0000000089700000, 0x0000000089800000, 0x0000000089800000|100%| E|CS|TAMS 0x0000000089700000, 0x0000000089700000| Complete 
| 110|0x0000000089800000, 0x0000000089900000, 0x0000000089900000|100%| E|CS|TAMS 0x0000000089800000, 0x0000000089800000| Complete 
| 151|0x000000008c100000, 0x000000008c200000, 0x000000008c200000|100%| E|CS|TAMS 0x000000008c100000, 0x000000008c100000| Complete 

Card table byte_map: [0x00000256cd4d0000,0x00000256cd8c0000] _byte_map_base: 0x00000256cd0bb000

Marking Bits (Prev, Next): (CMBitMap*) 0x00000256b660cf70, (CMBitMap*) 0x00000256b660cf30
 Prev Bits: [0x00000256cfc10000, 0x00000256d1b68000)
 Next Bits: [0x00000256cdcb0000, 0x00000256cfc08000)

Polling page: 0x00000256b4510000

Metaspace:

Usage:
  Non-class:     86.02 MB used.
      Class:     13.14 MB used.
       Both:     99.17 MB used.

Virtual space:
  Non-class space:       88.00 MB reserved,      86.38 MB ( 98%) committed,  11 nodes.
      Class space:        1.00 GB reserved,      13.44 MB (  1%) committed,  1 nodes.
             Both:        1.09 GB reserved,      99.81 MB (  9%) committed. 

Chunk freelists:
   Non-Class:  1.17 MB
       Class:  2.55 MB
        Both:  3.72 MB

MaxMetaspaceSize: unlimited
CompressedClassSpaceSize: 1.00 GB
Initial GC threshold: 21.00 MB
Current GC threshold: 165.31 MB
CDS: on
MetaspaceReclaimPolicy: balanced
 - commit_granule_bytes: 65536.
 - commit_granule_words: 8192.
 - virtual_space_node_default_size: 1048576.
 - enlarge_chunks_in_place: 1.
 - new_chunks_are_fully_committed: 0.
 - uncommit_free_chunks: 1.
 - use_allocation_guard: 0.
 - handle_deallocations: 1.


Internal statistics:

num_allocs_failed_limit: 12.
num_arena_births: 942.
num_arena_deaths: 0.
num_vsnodes_births: 12.
num_vsnodes_deaths: 0.
num_space_committed: 1597.
num_space_uncommitted: 0.
num_chunks_returned_to_freelist: 12.
num_chunks_taken_from_freelist: 4504.
num_chunk_merges: 12.
num_chunk_splits: 3339.
num_chunks_enlarged: 2692.
num_purges: 0.
num_inconsistent_stats: 0.

CodeHeap 'non-profiled nmethods': size=120000Kb used=8124Kb max_used=8124Kb free=111875Kb
 bounds [0x00000256c5880000, 0x00000256c6070000, 0x00000256ccdb0000]
CodeHeap 'profiled nmethods': size=120000Kb used=26992Kb max_used=26992Kb free=93007Kb
 bounds [0x00000256be350000, 0x00000256bfdb0000, 0x00000256c5880000]
CodeHeap 'non-nmethods': size=5760Kb used=1440Kb max_used=1514Kb free=4319Kb
 bounds [0x00000256bddb0000, 0x00000256be020000, 0x00000256be350000]
 total_blobs=14057 nmethods=13266 adapters=702
 compilation: enabled
              stopped_count=0, restarted_count=0
 full_count=0

Compilation events (20 events):
Event: 1762.834 Thread 0x00000256d4574e20 nmethod 14683 0x00000256bfda6d90 code [0x00000256bfda6f60, 0x00000256bfda7358]
Event: 1762.834 Thread 0x00000256d4574e20 14684       3       sun.security.provider.SHA5::implReset (20 bytes)
Event: 1762.834 Thread 0x00000256d4574e20 nmethod 14684 0x00000256bfda7510 code [0x00000256bfda76c0, 0x00000256bfda7878]
Event: 1762.835 Thread 0x00000256d6e63630 14674       4       java.util.regex.Pattern::split (288 bytes)
Event: 1762.837 Thread 0x00000256d4574e20 14686       3       sun.security.ssl.SSLConfiguration::getEnabledExtensions (79 bytes)
Event: 1762.838 Thread 0x00000256d4574e20 nmethod 14686 0x00000256bfda7910 code [0x00000256bfda7b60, 0x00000256bfda8918]
Event: 1762.839 Thread 0x00000256d4574e20 14687       3       java.util.Date::<init> (10 bytes)
Event: 1762.839 Thread 0x00000256d4574e20 nmethod 14687 0x00000256bfda8d90 code [0x00000256bfda8f20, 0x00000256bfda9098]
Event: 1762.839 Thread 0x00000256d4574e20 14688       1       sun.security.rsa.RSAPublicKeyImpl::getModulus (5 bytes)
Event: 1762.839 Thread 0x00000256d4574e20 nmethod 14688 0x00000256c606ac90 code [0x00000256c606ae20, 0x00000256c606aef8]
Event: 1762.841 Thread 0x00000256d4574e20 14689       3       sun.security.provider.SHA5::<init> (27 bytes)
Event: 1762.841 Thread 0x00000256d4574e20 nmethod 14689 0x00000256bfda9190 code [0x00000256bfda9360, 0x00000256bfda9888]
Event: 1762.841 Thread 0x00000256d4574e20 14690       3       sun.security.provider.SHA5$SHA384::<init> (12 bytes)
Event: 1762.841 Thread 0x00000256d4574e20 nmethod 14690 0x00000256bfda9a10 code [0x00000256bfda9be0, 0x00000256bfdaa188]
Event: 1762.841 Thread 0x00000256d4574e20 14691   !   3       javax.crypto.Mac::init (98 bytes)
Event: 1762.842 Thread 0x00000256d4574e20 nmethod 14691 0x00000256bfdaa310 code [0x00000256bfdaa4e0, 0x00000256bfdaa888]
Event: 1762.845 Thread 0x00000256d4574e20 14692   !   3       javax.crypto.JceSecurity::getVerificationResult (226 bytes)
Event: 1762.846 Thread 0x00000256d4574e20 nmethod 14692 0x00000256bfdaaa10 code [0x00000256bfdaacc0, 0x00000256bfdabb68]
Event: 1762.848 Thread 0x00000256d4574e20 14693       1       com.mysql.cj.protocol.a.NativeCapabilities::getServerVersion (5 bytes)
Event: 1762.848 Thread 0x00000256d4574e20 nmethod 14693 0x00000256c606af90 code [0x00000256c606b120, 0x00000256c606b1f8]

GC Heap History (20 events):
Event: 614.410 GC heap before
{Heap before GC invocations=48 (full 0):
 garbage-first heap   total 82944K, used 69080K [0x0000000082a00000, 0x0000000100000000)
  region size 1024K, 24 young (24576K), 1 survivors (1024K)
 Metaspace       used 98061K, committed 98688K, reserved 1138688K
  class space    used 13282K, committed 13568K, reserved 1048576K
}
Event: 614.411 GC heap after
{Heap after GC invocations=49 (full 0):
 garbage-first heap   total 82944K, used 46679K [0x0000000082a00000, 0x0000000100000000)
  region size 1024K, 1 young (1024K), 1 survivors (1024K)
 Metaspace       used 98061K, committed 98688K, reserved 1138688K
  class space    used 13282K, committed 13568K, reserved 1048576K
}
Event: 625.968 GC heap before
{Heap before GC invocations=49 (full 0):
 garbage-first heap   total 82944K, used 48727K [0x0000000082a00000, 0x0000000100000000)
  region size 1024K, 4 young (4096K), 1 survivors (1024K)
 Metaspace       used 98096K, committed 98688K, reserved 1138688K
  class space    used 13282K, committed 13568K, reserved 1048576K
}
Event: 625.981 GC heap after
{Heap after GC invocations=50 (full 0):
 garbage-first heap   total 82944K, used 46228K [0x0000000082a00000, 0x0000000100000000)
  region size 1024K, 1 young (1024K), 1 survivors (1024K)
 Metaspace       used 98096K, committed 98688K, reserved 1138688K
  class space    used 13282K, committed 13568K, reserved 1048576K
}
Event: 696.288 GC heap before
{Heap before GC invocations=50 (full 0):
 garbage-first heap   total 82944K, used 69780K [0x0000000082a00000, 0x0000000100000000)
  region size 1024K, 25 young (25600K), 1 survivors (1024K)
 Metaspace       used 98187K, committed 98816K, reserved 1138688K
  class space    used 13283K, committed 13568K, reserved 1048576K
}
Event: 696.300 GC heap after
{Heap after GC invocations=51 (full 0):
 garbage-first heap   total 82944K, used 46196K [0x0000000082a00000, 0x0000000100000000)
  region size 1024K, 1 young (1024K), 1 survivors (1024K)
 Metaspace       used 98187K, committed 98816K, reserved 1138688K
  class space    used 13283K, committed 13568K, reserved 1048576K
}
Event: 766.424 GC heap before
{Heap before GC invocations=52 (full 0):
 garbage-first heap   total 82944K, used 69748K [0x0000000082a00000, 0x0000000100000000)
  region size 1024K, 25 young (25600K), 1 survivors (1024K)
 Metaspace       used 98253K, committed 98880K, reserved 1138688K
  class space    used 13284K, committed 13568K, reserved 1048576K
}
Event: 766.427 GC heap after
{Heap after GC invocations=53 (full 0):
 garbage-first heap   total 82944K, used 46229K [0x0000000082a00000, 0x0000000100000000)
  region size 1024K, 1 young (1024K), 1 survivors (1024K)
 Metaspace       used 98253K, committed 98880K, reserved 1138688K
  class space    used 13284K, committed 13568K, reserved 1048576K
}
Event: 839.885 GC heap before
{Heap before GC invocations=53 (full 0):
 garbage-first heap   total 82944K, used 70805K [0x0000000082a00000, 0x0000000100000000)
  region size 1024K, 25 young (25600K), 1 survivors (1024K)
 Metaspace       used 98355K, committed 99008K, reserved 1138688K
  class space    used 13284K, committed 13568K, reserved 1048576K
}
Event: 839.887 GC heap after
{Heap after GC invocations=54 (full 0):
 garbage-first heap   total 82944K, used 46241K [0x0000000082a00000, 0x0000000100000000)
  region size 1024K, 1 young (1024K), 1 survivors (1024K)
 Metaspace       used 98355K, committed 99008K, reserved 1138688K
  class space    used 13284K, committed 13568K, reserved 1048576K
}
Event: 914.374 GC heap before
{Heap before GC invocations=55 (full 0):
 garbage-first heap   total 82944K, used 71841K [0x0000000082a00000, 0x0000000100000000)
  region size 1024K, 26 young (26624K), 1 survivors (1024K)
 Metaspace       used 98420K, committed 99008K, reserved 1138688K
  class space    used 13284K, committed 13568K, reserved 1048576K
}
Event: 914.379 GC heap after
{Heap after GC invocations=56 (full 0):
 garbage-first heap   total 82944K, used 46263K [0x0000000082a00000, 0x0000000100000000)
  region size 1024K, 1 young (1024K), 1 survivors (1024K)
 Metaspace       used 98420K, committed 99008K, reserved 1138688K
  class space    used 13284K, committed 13568K, reserved 1048576K
}
Event: 984.100 GC heap before
{Heap before GC invocations=56 (full 0):
 garbage-first heap   total 82944K, used 70839K [0x0000000082a00000, 0x0000000100000000)
  region size 1024K, 26 young (26624K), 1 survivors (1024K)
 Metaspace       used 98493K, committed 99136K, reserved 1138688K
  class space    used 13284K, committed 13568K, reserved 1048576K
}
Event: 984.103 GC heap after
{Heap after GC invocations=57 (full 0):
 garbage-first heap   total 82944K, used 46519K [0x0000000082a00000, 0x0000000100000000)
  region size 1024K, 1 young (1024K), 1 survivors (1024K)
 Metaspace       used 98493K, committed 99136K, reserved 1138688K
  class space    used 13284K, committed 13568K, reserved 1048576K
}
Event: 1055.652 GC heap before
{Heap before GC invocations=58 (full 0):
 garbage-first heap   total 82944K, used 72119K [0x0000000082a00000, 0x0000000100000000)
  region size 1024K, 26 young (26624K), 1 survivors (1024K)
 Metaspace       used 99086K, committed 99712K, reserved 1138688K
  class space    used 13358K, committed 13632K, reserved 1048576K
}
Event: 1055.657 GC heap after
{Heap after GC invocations=59 (full 0):
 garbage-first heap   total 82944K, used 46747K [0x0000000082a00000, 0x0000000100000000)
  region size 1024K, 1 young (1024K), 1 survivors (1024K)
 Metaspace       used 99086K, committed 99712K, reserved 1138688K
  class space    used 13358K, committed 13632K, reserved 1048576K
}
Event: 1326.265 GC heap before
{Heap before GC invocations=59 (full 0):
 garbage-first heap   total 82944K, used 70299K [0x0000000082a00000, 0x0000000100000000)
  region size 1024K, 25 young (25600K), 1 survivors (1024K)
 Metaspace       used 100922K, committed 101568K, reserved 1138688K
  class space    used 13454K, committed 13760K, reserved 1048576K
}
Event: 1326.279 GC heap after
{Heap after GC invocations=60 (full 0):
 garbage-first heap   total 82944K, used 47135K [0x0000000082a00000, 0x0000000100000000)
  region size 1024K, 2 young (2048K), 2 survivors (2048K)
 Metaspace       used 100922K, committed 101568K, reserved 1138688K
  class space    used 13454K, committed 13760K, reserved 1048576K
}
Event: 1633.104 GC heap before
{Heap before GC invocations=61 (full 0):
 garbage-first heap   total 82944K, used 70687K [0x0000000082a00000, 0x0000000100000000)
  region size 1024K, 25 young (25600K), 2 survivors (2048K)
 Metaspace       used 101424K, committed 102080K, reserved 1138688K
  class space    used 13455K, committed 13760K, reserved 1048576K
}
Event: 1633.107 GC heap after
{Heap after GC invocations=62 (full 0):
 garbage-first heap   total 82944K, used 47015K [0x0000000082a00000, 0x0000000100000000)
  region size 1024K, 1 young (1024K), 1 survivors (1024K)
 Metaspace       used 101424K, committed 102080K, reserved 1138688K
  class space    used 13455K, committed 13760K, reserved 1048576K
}

Deoptimization events (20 events):
Event: 1762.804 Thread 0x00000256d6e23760 Uncommon trap: trap_request=0xffffff45 fr.pc=0x00000256c603a860 relative=0x00000000000001e0
Event: 1762.804 Thread 0x00000256d6e23760 Uncommon trap: reason=unstable_if action=reinterpret pc=0x00000256c603a860 method=sun.nio.ch.NioSocketImpl.endRead(Z)V @ 27 c2
Event: 1762.804 Thread 0x00000256d6e23760 DEOPT PACKING pc=0x00000256c603a860 sp=0x000000c1136fe990
Event: 1762.804 Thread 0x00000256d6e23760 DEOPT UNPACKING pc=0x00000256bde023a3 sp=0x000000c1136fe948 mode 2
Event: 1762.808 Thread 0x00000256d6e23760 Uncommon trap: trap_request=0xffffff45 fr.pc=0x00000256c5f6ace4 relative=0x00000000000032a4
Event: 1762.808 Thread 0x00000256d6e23760 Uncommon trap: reason=unstable_if action=reinterpret pc=0x00000256c5f6ace4 method=java.util.concurrent.ThreadPoolExecutor.getTask()Ljava/lang/Runnable; @ 54 c2
Event: 1762.808 Thread 0x00000256d6e23760 DEOPT PACKING pc=0x00000256c5f6ace4 sp=0x000000c1136ff320
Event: 1762.808 Thread 0x00000256d6e23760 DEOPT UNPACKING pc=0x00000256bde023a3 sp=0x000000c1136ff330 mode 2
Event: 1762.817 Thread 0x00000256d6e245d0 Uncommon trap: trap_request=0xffffff45 fr.pc=0x00000256c5e76b28 relative=0x00000000000021a8
Event: 1762.818 Thread 0x00000256d6e245d0 Uncommon trap: reason=unstable_if action=reinterpret pc=0x00000256c5e76b28 method=sun.security.provider.HashDrbg.hashGen([B[B)V @ 28 c2
Event: 1762.818 Thread 0x00000256d6e245d0 DEOPT PACKING pc=0x00000256c5e76b28 sp=0x000000c1171fe630
Event: 1762.818 Thread 0x00000256d6e245d0 DEOPT UNPACKING pc=0x00000256bde023a3 sp=0x000000c1171fe4a0 mode 2
Event: 1762.835 Thread 0x00000256d6e245d0 Uncommon trap: trap_request=0xffffff45 fr.pc=0x00000256c6000574 relative=0x0000000000004474
Event: 1762.835 Thread 0x00000256d6e245d0 Uncommon trap: reason=unstable_if action=reinterpret pc=0x00000256c6000574 method=sun.security.ssl.SSLCipher$T13GcmReadCipherGenerator$GcmReadCipher.decrypt(BLjava/nio/ByteBuffer;[B)Lsun/security/ssl/Plaintext; @ 7 c2
Event: 1762.835 Thread 0x00000256d6e245d0 DEOPT PACKING pc=0x00000256c6000574 sp=0x000000c1171fe570
Event: 1762.835 Thread 0x00000256d6e245d0 DEOPT UNPACKING pc=0x00000256bde023a3 sp=0x000000c1171fe540 mode 2
Event: 1762.842 Thread 0x00000256d6e245d0 Uncommon trap: trap_request=0xffffff45 fr.pc=0x00000256c6012b8c relative=0x000000000000724c
Event: 1762.842 Thread 0x00000256d6e245d0 Uncommon trap: reason=unstable_if action=reinterpret pc=0x00000256c6012b8c method=javax.crypto.Cipher.init(ILjava/security/Key;Ljava/security/spec/AlgorithmParameterSpec;Ljava/security/SecureRandom;)V @ 13 c2
Event: 1762.842 Thread 0x00000256d6e245d0 DEOPT PACKING pc=0x00000256c6012b8c sp=0x000000c1171fe080
Event: 1762.842 Thread 0x00000256d6e245d0 DEOPT UNPACKING pc=0x00000256bde023a3 sp=0x000000c1171fdfc8 mode 2

Classes unloaded (0 events):
No events

Classes redefined (0 events):
No events

Internal exceptions (20 events):
Event: 1038.896 Thread 0x00000256d6e20270 Exception <a 'java/net/ConnectException'{0x0000000086837008}: Connection refused: no further information> (0x0000000086837008) 
thrown [t:\workspace\open\src\hotspot\share\prims\jni.cpp, line 535]
Event: 1038.899 Thread 0x00000256d6e25910 Exception <a 'java/net/ConnectException'{0x0000000086844840}: Connection refused: no further information> (0x0000000086844840) 
thrown [t:\workspace\open\src\hotspot\share\prims\jni.cpp, line 535]
Event: 1040.916 Thread 0x00000256d6e25de0 Exception <a 'java/net/ConnectException'{0x00000000868f1750}: Connection refused: no further information> (0x00000000868f1750) 
thrown [t:\workspace\open\src\hotspot\share\prims\jni.cpp, line 535]
Event: 1040.936 Thread 0x00000256d6e26c50 Exception <a 'java/net/ConnectException'{0x00000000868fef88}: Connection refused: no further information> (0x00000000868fef88) 
thrown [t:\workspace\open\src\hotspot\share\prims\jni.cpp, line 535]
Event: 1042.984 Thread 0x00000256d6e22dc0 Exception <a 'java/net/ConnectException'{0x0000000086783eb0}: Connection refused: no further information> (0x0000000086783eb0) 
thrown [t:\workspace\open\src\hotspot\share\prims\jni.cpp, line 535]
Event: 1042.990 Thread 0x00000256d6e210e0 Exception <a 'java/net/ConnectException'{0x000000008678aaf8}: Connection refused: no further information> (0x000000008678aaf8) 
thrown [t:\workspace\open\src\hotspot\share\prims\jni.cpp, line 535]
Event: 1045.047 Thread 0x00000256d6e23760 Exception <a 'java/net/ConnectException'{0x0000000086636a28}: Connection refused: no further information> (0x0000000086636a28) 
thrown [t:\workspace\open\src\hotspot\share\prims\jni.cpp, line 535]
Event: 1045.050 Thread 0x00000256d6e24100 Exception <a 'java/net/ConnectException'{0x00000000866442e0}: Connection refused: no further information> (0x00000000866442e0) 
thrown [t:\workspace\open\src\hotspot\share\prims\jni.cpp, line 535]
Event: 1047.096 Thread 0x00000256d6e24100 Exception <a 'java/net/ConnectException'{0x00000000866bc7e8}: Connection refused: no further information> (0x00000000866bc7e8) 
thrown [t:\workspace\open\src\hotspot\share\prims\jni.cpp, line 535]
Event: 1047.098 Thread 0x00000256d6e23760 Exception <a 'java/net/ConnectException'{0x00000000866d0c68}: Connection refused: no further information> (0x00000000866d0c68) 
thrown [t:\workspace\open\src\hotspot\share\prims\jni.cpp, line 535]
Event: 1049.156 Thread 0x00000256d6e20c10 Exception <a 'java/net/ConnectException'{0x0000000086561240}: Connection refused: no further information> (0x0000000086561240) 
thrown [t:\workspace\open\src\hotspot\share\prims\jni.cpp, line 535]
Event: 1049.159 Thread 0x00000256d6e21f50 Exception <a 'java/net/ConnectException'{0x000000008656ea78}: Connection refused: no further information> (0x000000008656ea78) 
thrown [t:\workspace\open\src\hotspot\share\prims\jni.cpp, line 535]
Event: 1051.194 Thread 0x00000256d6e1f8d0 Exception <a 'java/net/ConnectException'{0x0000000086400928}: Connection refused: no further information> (0x0000000086400928) 
thrown [t:\workspace\open\src\hotspot\share\prims\jni.cpp, line 535]
Event: 1051.195 Thread 0x00000256d6e245d0 Exception <a 'java/net/ConnectException'{0x0000000086408708}: Connection refused: no further information> (0x0000000086408708) 
thrown [t:\workspace\open\src\hotspot\share\prims\jni.cpp, line 535]
Event: 1053.282 Thread 0x00000256d6e20c10 Exception <a 'java/net/ConnectException'{0x000000008649b240}: Connection refused: no further information> (0x000000008649b240) 
thrown [t:\workspace\open\src\hotspot\share\prims\jni.cpp, line 535]
Event: 1053.285 Thread 0x00000256d6e21a80 Exception <a 'java/net/ConnectException'{0x00000000864a8a78}: Connection refused: no further information> (0x00000000864a8a78) 
thrown [t:\workspace\open\src\hotspot\share\prims\jni.cpp, line 535]
Event: 1055.397 Thread 0x00000256d6e20c10 Implicit null exception at 0x00000256c5e72b40 to 0x00000256c5e736d4
Event: 1762.803 Thread 0x00000256d6e23760 Exception <a 'java/io/IOException'{0x000000008706f378}> (0x000000008706f378) 
thrown [t:\workspace\open\src\hotspot\share\prims\jni.cpp, line 516]
Event: 1762.803 Thread 0x00000256d6e23760 Exception <a 'java/io/IOException'{0x000000008706feb8}> (0x000000008706feb8) 
thrown [t:\workspace\open\src\hotspot\share\prims\jni.cpp, line 516]
Event: 1762.842 Thread 0x00000256d6e245d0 Implicit null exception at 0x00000256c600bd2e to 0x00000256c6012b48

VM Operations (20 events):
Event: 1674.462 Executing VM operation: Cleanup
Event: 1674.462 Executing VM operation: Cleanup done
Event: 1695.633 Executing VM operation: Cleanup
Event: 1695.633 Executing VM operation: Cleanup done
Event: 1724.916 Executing VM operation: Cleanup
Event: 1724.917 Executing VM operation: Cleanup done
Event: 1725.927 Executing VM operation: Cleanup
Event: 1725.927 Executing VM operation: Cleanup done
Event: 1726.936 Executing VM operation: Cleanup
Event: 1726.936 Executing VM operation: Cleanup done
Event: 1735.001 Executing VM operation: Cleanup
Event: 1735.001 Executing VM operation: Cleanup done
Event: 1737.018 Executing VM operation: Cleanup
Event: 1737.018 Executing VM operation: Cleanup done
Event: 1742.057 Executing VM operation: Cleanup
Event: 1742.057 Executing VM operation: Cleanup done
Event: 1745.079 Executing VM operation: Cleanup
Event: 1745.079 Executing VM operation: Cleanup done
Event: 1755.165 Executing VM operation: Cleanup
Event: 1755.165 Executing VM operation: Cleanup done

Events (20 events):
Event: 1058.107 loading class java/util/concurrent/ConcurrentSkipListMap$ValueSpliterator done
Event: 1101.114 Thread 0x00000256d6fede20 Thread added: 0x00000256d6fede20
Event: 1101.677 Thread 0x00000256d6fede20 Thread exited: 0x00000256d6fede20
Event: 1118.125 Thread 0x00000256d6e1f8d0 Thread exited: 0x00000256d6e1f8d0
Event: 1425.238 Thread 0x00000256d9433440 Thread added: 0x00000256d9433440
Event: 1425.438 Thread 0x00000256d9433440 Thread exited: 0x00000256d9433440
Event: 1515.330 Thread 0x00000256d580e4c0 Thread added: 0x00000256d580e4c0
Event: 1515.947 Thread 0x00000256d580e4c0 Thread exited: 0x00000256d580e4c0
Event: 1762.780 Thread 0x00000256d6e23760 Thread added: 0x00000256d6e23760
Event: 1762.780 Thread 0x00000256d6e245d0 Thread added: 0x00000256d6e245d0
Event: 1762.785 loading class sun/security/ssl/Alert
Event: 1762.796 loading class sun/security/ssl/Alert done
Event: 1762.796 loading class sun/security/ssl/Alert$AlertConsumer
Event: 1762.799 loading class sun/security/ssl/Alert$AlertConsumer done
Event: 1762.799 loading class sun/security/ssl/Alert$Level
Event: 1762.800 loading class sun/security/ssl/Alert$Level done
Event: 1762.803 loading class sun/net/ConnectionResetException
Event: 1762.804 loading class sun/net/ConnectionResetException done
Event: 1762.822 Thread 0x00000256daff8850 Thread added: 0x00000256daff8850
Event: 1762.834 Thread 0x00000256d6e63630 Thread added: 0x00000256d6e63630


Dynamic libraries:
0x00007ff7ecc40000 - 0x00007ff7ecc50000 	C:\Program Files\Java\jdk-17.0.1\bin\java.exe
0x00007fffe50d0000 - 0x00007fffe52e7000 	C:\WINDOWS\SYSTEM32\ntdll.dll
0x00007fffe4a40000 - 0x00007fffe4b04000 	C:\WINDOWS\System32\KERNEL32.DLL
0x00007fffe25f0000 - 0x00007fffe2997000 	C:\WINDOWS\System32\KERNELBASE.dll
0x00007fffe29a0000 - 0x00007fffe2ab1000 	C:\WINDOWS\System32\ucrtbase.dll
0x00007fffd0b70000 - 0x00007fffd0b88000 	C:\Program Files\Java\jdk-17.0.1\bin\jli.dll
0x00007fffdbb60000 - 0x00007fffdbb7a000 	C:\Program Files\Java\jdk-17.0.1\bin\VCRUNTIME140.dll
0x00007fffe4e00000 - 0x00007fffe4eb1000 	C:\WINDOWS\System32\ADVAPI32.dll
0x00007fffe4fe0000 - 0x00007fffe5087000 	C:\WINDOWS\System32\msvcrt.dll
0x00007fffe33e0000 - 0x00007fffe3485000 	C:\WINDOWS\System32\sechost.dll
0x00007fffe4ec0000 - 0x00007fffe4fd7000 	C:\WINDOWS\System32\RPCRT4.dll
0x00007fffe3230000 - 0x00007fffe33dd000 	C:\WINDOWS\System32\USER32.dll
0x00007fffd0610000 - 0x00007fffd08a3000 	C:\WINDOWS\WinSxS\amd64_microsoft.windows.common-controls_6595b64144ccf1df_6.0.23619.1000_none_f3a84a30daf470f8\COMCTL32.dll
0x00007fffe2ac0000 - 0x00007fffe2ae6000 	C:\WINDOWS\System32\win32u.dll
0x00007fffe4b10000 - 0x00007fffe4b39000 	C:\WINDOWS\System32\GDI32.dll
0x00007fffe2430000 - 0x00007fffe2548000 	C:\WINDOWS\System32\gdi32full.dll
0x00007fffe2550000 - 0x00007fffe25ea000 	C:\WINDOWS\System32\msvcp_win.dll
0x00007fffd62d0000 - 0x00007fffd62da000 	C:\WINDOWS\SYSTEM32\VERSION.dll
0x00007fffe4a00000 - 0x00007fffe4a31000 	C:\WINDOWS\System32\IMM32.DLL
0x00007fffd2150000 - 0x00007fffd215c000 	C:\Program Files\Java\jdk-17.0.1\bin\vcruntime140_1.dll
0x00007fffa4810000 - 0x00007fffa489d000 	C:\Program Files\Java\jdk-17.0.1\bin\msvcp140.dll
0x00007fff66c60000 - 0x00007fff6781e000 	C:\Program Files\Java\jdk-17.0.1\bin\server\jvm.dll
0x00007fffe3220000 - 0x00007fffe3228000 	C:\WINDOWS\System32\PSAPI.DLL
0x00007fffd8b40000 - 0x00007fffd8b74000 	C:\WINDOWS\SYSTEM32\WINMM.dll
0x00007fffcf4f0000 - 0x00007fffcf4f9000 	C:\WINDOWS\SYSTEM32\WSOCK32.dll
0x00007fffe2e10000 - 0x00007fffe2e81000 	C:\WINDOWS\System32\WS2_32.dll
0x00007fffe14e0000 - 0x00007fffe14f8000 	C:\WINDOWS\SYSTEM32\kernel.appcore.dll
0x00007fffd00c0000 - 0x00007fffd00ca000 	C:\Program Files\Java\jdk-17.0.1\bin\jimage.dll
0x00007fffdf5c0000 - 0x00007fffdf7f3000 	C:\WINDOWS\SYSTEM32\DBGHELP.DLL
0x00007fffe2e90000 - 0x00007fffe3219000 	C:\WINDOWS\System32\combase.dll
0x00007fffe4390000 - 0x00007fffe4467000 	C:\WINDOWS\System32\OLEAUT32.dll
0x00007fffc4a60000 - 0x00007fffc4a92000 	C:\WINDOWS\SYSTEM32\dbgcore.DLL
0x00007fffe2cd0000 - 0x00007fffe2d4a000 	C:\WINDOWS\System32\bcryptPrimitives.dll
0x00007fffb8070000 - 0x00007fffb8095000 	C:\Program Files\Java\jdk-17.0.1\bin\java.dll
0x00007fff95200000 - 0x00007fff952d6000 	C:\Program Files\Java\jdk-17.0.1\bin\svml.dll
0x00007fffe3490000 - 0x00007fffe3ce9000 	C:\WINDOWS\System32\SHELL32.dll
0x00007fffe02e0000 - 0x00007fffe0bf1000 	C:\WINDOWS\SYSTEM32\windows.storage.dll
0x00007fffe01a0000 - 0x00007fffe02de000 	C:\WINDOWS\SYSTEM32\wintypes.dll
0x00007fffe4470000 - 0x00007fffe4563000 	C:\WINDOWS\System32\SHCORE.dll
0x00007fffe42e0000 - 0x00007fffe433e000 	C:\WINDOWS\System32\shlwapi.dll
0x00007fffe2360000 - 0x00007fffe2386000 	C:\WINDOWS\SYSTEM32\profapi.dll
0x00007fffb8590000 - 0x00007fffb85a9000 	C:\Program Files\Java\jdk-17.0.1\bin\net.dll
0x00007fffdb900000 - 0x00007fffdba37000 	C:\WINDOWS\SYSTEM32\WINHTTP.dll
0x00007fffe1960000 - 0x00007fffe19c9000 	C:\WINDOWS\system32\mswsock.dll
0x00007fffb8050000 - 0x00007fffb8065000 	C:\Program Files\Java\jdk-17.0.1\bin\nio.dll
0x00007fffb8030000 - 0x00007fffb8048000 	C:\Program Files\Java\jdk-17.0.1\bin\zip.dll
0x00007fffe0ea0000 - 0x00007fffe0ecd000 	C:\WINDOWS\SYSTEM32\IPHLPAPI.DLL
0x00007fffe4570000 - 0x00007fffe4579000 	C:\WINDOWS\System32\NSI.dll
0x00007fffdbd10000 - 0x00007fffdbd29000 	C:\WINDOWS\SYSTEM32\dhcpcsvc6.DLL
0x00007fffdb470000 - 0x00007fffdb48f000 	C:\WINDOWS\SYSTEM32\dhcpcsvc.DLL
0x00007fffe0ed0000 - 0x00007fffe0fc9000 	C:\WINDOWS\SYSTEM32\DNSAPI.dll
0x00007fffc7f60000 - 0x00007fffc7f6e000 	C:\Program Files\Java\jdk-17.0.1\bin\sunmscapi.dll
0x00007fffe2af0000 - 0x00007fffe2c56000 	C:\WINDOWS\System32\CRYPT32.dll
0x00007fffe1d90000 - 0x00007fffe1dbd000 	C:\WINDOWS\SYSTEM32\ncrypt.dll
0x00007fffe1d50000 - 0x00007fffe1d87000 	C:\WINDOWS\SYSTEM32\NTASN1.dll
0x00007fffc7a70000 - 0x00007fffc7a80000 	C:\Program Files\Java\jdk-17.0.1\bin\verify.dll
0x00007fffe1b90000 - 0x00007fffe1bab000 	C:\WINDOWS\SYSTEM32\CRYPTSP.dll
0x00007fffe1440000 - 0x00007fffe1475000 	C:\WINDOWS\system32\rsaenh.dll
0x00007fffe1a20000 - 0x00007fffe1a4c000 	C:\WINDOWS\SYSTEM32\USERENV.dll
0x00007fffe1dc0000 - 0x00007fffe1de8000 	C:\WINDOWS\SYSTEM32\bcrypt.dll
0x00007fffe1bb0000 - 0x00007fffe1bbc000 	C:\WINDOWS\SYSTEM32\CRYPTBASE.dll
0x00007fffb8020000 - 0x00007fffb8029000 	C:\Program Files\Java\jdk-17.0.1\bin\management.dll
0x00007fffb4d20000 - 0x00007fffb4d2b000 	C:\Program Files\Java\jdk-17.0.1\bin\management_ext.dll
0x00007fffd62e0000 - 0x00007fffd62ea000 	C:\Windows\System32\rasadhlp.dll
0x00007fffd9a70000 - 0x00007fffd9af3000 	C:\WINDOWS\System32\fwpuclnt.dll
0x00007fffb8f50000 - 0x00007fffb8f67000 	C:\WINDOWS\system32\napinsp.dll
0x00007fffb8f30000 - 0x00007fffb8f4b000 	C:\WINDOWS\system32\pnrpnsp.dll
0x00007fffb8f00000 - 0x00007fffb8f21000 	C:\WINDOWS\system32\nlansp_c.dll
0x00007fffb8ee0000 - 0x00007fffb8ef1000 	C:\WINDOWS\System32\winrnr.dll
0x00007fffd98d0000 - 0x00007fffd98e5000 	C:\WINDOWS\system32\wshbth.dll
0x00007fffbf550000 - 0x00007fffbf558000 	C:\WINDOWS\system32\wshunix.dll

dbghelp: loaded successfully - version: 4.0.5 - missing functions: none
symbol engine: initialized successfully - sym options: 0x614 - pdb path: .;C:\Program Files\Java\jdk-17.0.1\bin;C:\WINDOWS\SYSTEM32;C:\WINDOWS\WinSxS\amd64_microsoft.windows.common-controls_6595b64144ccf1df_6.0.23619.1000_none_f3a84a30daf470f8;C:\Program Files\Java\jdk-17.0.1\bin\server

VM Arguments:
jvm_args: -XX:+ShowCodeDetailsInExceptionMessages 
java_command: quiz.com.quizservice.QuizServiceApplication
java_class_path (initial): D:\KI2_NAM_4\Phat_trien_PMHDV\quiz-service\quiz-service\target\classes;C:\Users\MR.THANG\.m2\repository\org\springframework\boot\spring-boot-starter-web\3.2.5\spring-boot-starter-web-3.2.5.jar;C:\Users\MR.THANG\.m2\repository\org\springframework\boot\spring-boot-starter\3.2.5\spring-boot-starter-3.2.5.jar;C:\Users\MR.THANG\.m2\repository\org\springframework\boot\spring-boot\3.2.5\spring-boot-3.2.5.jar;C:\Users\MR.THANG\.m2\repository\org\springframework\boot\spring-boot-autoconfigure\3.2.5\spring-boot-autoconfigure-3.2.5.jar;C:\Users\MR.THANG\.m2\repository\org\springframework\boot\spring-boot-starter-logging\3.2.5\spring-boot-starter-logging-3.2.5.jar;C:\Users\MR.THANG\.m2\repository\ch\qos\logback\logback-classic\1.4.14\logback-classic-1.4.14.jar;C:\Users\MR.THANG\.m2\repository\ch\qos\logback\logback-core\1.4.14\logback-core-1.4.14.jar;C:\Users\MR.THANG\.m2\repository\org\apache\logging\log4j\log4j-to-slf4j\2.21.1\log4j-to-slf4j-2.21.1.jar;C:\Users\MR.THANG\.m2\repository\org\slf4j\jul-to-slf4j\2.0.13\jul-to-slf4j-2.0.13.jar;C:\Users\MR.THANG\.m2\repository\jakarta\annotation\jakarta.annotation-api\2.1.1\jakarta.annotation-api-2.1.1.jar;C:\Users\MR.THANG\.m2\repository\org\yaml\snakeyaml\2.2\snakeyaml-2.2.jar;C:\Users\MR.THANG\.m2\repository\org\springframework\boot\spring-boot-starter-json\3.2.5\spring-boot-starter-json-3.2.5.jar;C:\Users\MR.THANG\.m2\repository\com\fasterxml\jackson\core\jackson-databind\2.15.4\jackson-databind-2.15.4.jar;C:\Users\MR.THANG\.m2\repository\com\fasterxml\jackson\datatype\jackson-datatype-jdk8\2.15.4\jackson-datatype-jdk8-2.15.4.jar;C:\Users\MR.THANG\.m2\repository\com\fasterxml\jackson\datatype\jackson-datatype-jsr310\2.15.4\jackson-datatype-jsr310-2.15.4.jar;C:\Users\MR.THANG\.m2\repository\com\fasterxml\jackson\module\jackson-module-parameter-names\2.15.4\jackson-module-parameter-names-2.15.4.jar;C:\Users\MR.THANG\.m2\repository\org\springframework\boot\spring-boot-starter-tomcat\3.2.5\spring-boot-st
Launcher Type: SUN_STANDARD

[Global flags]
     intx CICompilerCount                          = 4                                         {product} {ergonomic}
     uint ConcGCThreads                            = 2                                         {product} {ergonomic}
     uint G1ConcRefinementThreads                  = 8                                         {product} {ergonomic}
   size_t G1HeapRegionSize                         = 1048576                                   {product} {ergonomic}
    uintx GCDrainStackTargetSize                   = 64                                        {product} {ergonomic}
   size_t InitialHeapSize                          = 132120576                                 {product} {ergonomic}
   size_t MarkStackSize                            = 4194304                                   {product} {ergonomic}
   size_t MaxHeapSize                              = 2103443456                                {product} {ergonomic}
   size_t MaxNewSize                               = 1261436928                                {product} {ergonomic}
   size_t MinHeapDeltaBytes                        = 1048576                                   {product} {ergonomic}
   size_t MinHeapSize                              = 8388608                                   {product} {ergonomic}
    uintx NonNMethodCodeHeapSize                   = 5839372                                {pd product} {ergonomic}
    uintx NonProfiledCodeHeapSize                  = 122909434                              {pd product} {ergonomic}
    uintx ProfiledCodeHeapSize                     = 122909434                              {pd product} {ergonomic}
    uintx ReservedCodeCacheSize                    = 251658240                              {pd product} {ergonomic}
     bool SegmentedCodeCache                       = true                                      {product} {ergonomic}
     bool ShowCodeDetailsInExceptionMessages       = true                                   {manageable} {command line}
   size_t SoftMaxHeapSize                          = 2103443456                             {manageable} {ergonomic}
     bool UseCompressedClassPointers               = true                           {product lp64_product} {ergonomic}
     bool UseCompressedOops                        = true                           {product lp64_product} {ergonomic}
     bool UseG1GC                                  = true                                      {product} {ergonomic}
     bool UseLargePagesIndividualAllocation        = false                                  {pd product} {ergonomic}

Logging:
Log output configuration:
 #0: stdout all=warning uptime,level,tags
 #1: stderr all=off uptime,level,tags

Environment Variables:
PATH=C:\Program Files (x86)\VMware\VMware Player\bin\;C:\Program Files\Python310\Scripts\;C:\Program Files\Python310\;C:\Program Files\Common Files\Oracle\Java\javapath;C:\Windows\system32;C:\Windows;C:\Windows\System32\Wbem;C:\Windows\System32\WindowsPowerShell\v1.0\;C:\Windows\System32\OpenSSH\;C:\Program Files (x86)\NVIDIA Corporation\PhysX\Common;C:\Program Files\NVIDIA Corporation\NVIDIA NvDLISR;C:\WINDOWS\system32;C:\WINDOWS;C:\WINDOWS\System32\Wbem;C:\WINDOWS\System32\WindowsPowerShell\v1.0\;C:\WINDOWS\System32\OpenSSH\;C:\MinGW\bin;C:\Program Files\Java\jdk-17.0.1\bin;C:\Program Files (x86)\Microsoft SQL Server\150\Tools\Binn\;C:\Program Files\Microsoft SQL Server\150\Tools\Binn\;C:\Program Files (x86)\Microsoft SQL Server\150\DTS\Binn\;C:\Program Files\Microsoft SQL Server\150\DTS\Binn\;C:\Program Files\Microsoft SQL Server\Client SDK\ODBC\170\Tools\Binn\;C:\Program Files\Azure Data Studio\bin;C:\Program Files\nodejs\;C:\Program Files\Git\cmd;D:\apache-maven-3.9.5-bin\apache-maven-3.9.5\bin;C:\Program Files\Docker\Docker\resources\bin;C:\Program Files\MySQL\MySQL Shell 8.0\bin\;C:\Users\MR.THANG\AppData\Local\Microsoft\WindowsApps;C:\Program Files (x86)\mingw-w64\i686-8.1.0-posix-dwarf-rt_v6-rev0\mingw32\bin;C:\Users\MR.THANG\AppData\Local\Programs\Microsoft VS Code\bin;C:\Program Files\Azure Data Studio\bin;C:\Users\MR.THANG\AppData\Local\JetBrains\Toolbox\scripts;;C:\Users\MR.THANG\AppData\Local\Microsoft\WindowsApps;C:\Users\MR.THANG\AppData\Roaming\npm
USERNAME=Th?ng d?p trai
LANG=en_US.UTF-8
OS=Windows_NT
PROCESSOR_IDENTIFIER=Intel64 Family 6 Model 165 Stepping 2, GenuineIntel



---------------  S Y S T E M  ---------------

OS:
 Windows 10 , 64 bit Build 23619 (10.0.23619.1000)
OS uptime: 3 days 9:06 hours
Hyper-V role detected

CPU: total 8 (initial active 8) (4 cores per cpu, 2 threads per core) family 6 model 165 stepping 2 microcode 0xf0, cx8, cmov, fxsr, ht, mmx, 3dnowpref, sse, sse2, sse3, ssse3, sse4.1, sse4.2, popcnt, lzcnt, tsc, tscinvbit, avx, avx2, aes, erms, clmul, bmi1, bmi2, adx, fma, vzeroupper, clflush, clflushopt, hv

Memory: 4k page, system-wide physical 8023M (938M free)
TotalPageFile size 18982M (AvailPageFile size 0M)
current process WorkingSet (physical memory assigned to process): 247M, peak: 322M
current process commit charge ("private bytes"): 398M, peak: 398M

vm_info: Java HotSpot(TM) 64-Bit Server VM (17.0.1+12-LTS-39) for windows-amd64 JRE (17.0.1+12-LTS-39), built on Sep 27 2021 18:41:35 by "mach5one" with MS VC++ 16.8 (VS2019)

END.
